<?xml version="1.0" encoding="UTF-8"?>
<testng-results ignored="0" total="2" passed="2" failed="0" skipped="0">
  <reporter-output>
    <line>
      <![CDATA[Product is visible in the cart]]>
    </line>
  </reporter-output>
  <suite started-at="2026-03-10T13:53:10 NPT" name="AllTestsSuite" finished-at="2026-03-10T13:53:43 NPT" duration-ms="33759">
    <groups>
    </groups>
    <test started-at="2026-03-10T13:53:10 NPT" name="AllTests" finished-at="2026-03-10T13:53:43 NPT" duration-ms="33759">
      <class name="tests.SignUptest">
        <test-method is-config="true" signature="setup()[pri:0, instance:tests.SignUptest@9f116cc]" started-at="2026-03-10T13:53:34 NPT" name="setup" finished-at="2026-03-10T13:53:37 NPT" duration-ms="2723" status="PASS">
          <reporter-output>
          </reporter-output>
        </test-method> <!-- setup -->
        <test-method signature="signup()[pri:0, instance:tests.SignUptest@9f116cc]" started-at="2026-03-10T13:53:37 NPT" name="signup" description="Verify that user can register using valid data" finished-at="2026-03-10T13:53:43 NPT" duration-ms="6332" status="PASS">
          <reporter-output>
          </reporter-output>
        </test-method> <!-- signup -->
        <test-method is-config="true" signature="tearDown()[pri:0, instance:tests.SignUptest@9f116cc]" started-at="2026-03-10T13:53:43 NPT" name="tearDown" finished-at="2026-03-10T13:53:43 NPT" duration-ms="203" status="PASS">
          <reporter-output>
          </reporter-output>
        </test-method> <!-- tearDown -->
      </class> <!-- tests.SignUptest -->
      <class name="tests.ProductTest">
        <test-method is-config="true" signature="setup()[pri:0, instance:tests.ProductTest@7714e963]" started-at="2026-03-10T13:53:10 NPT" name="setup" finished-at="2026-03-10T13:53:14 NPT" duration-ms="4373" status="PASS">
          <reporter-output>
          </reporter-output>
        </test-method> <!-- setup -->
        <test-method signature="item()[pri:0, instance:tests.ProductTest@7714e963]" started-at="2026-03-10T13:53:14 NPT" name="item" description="Verify that user can add a product to the cart" finished-at="2026-03-10T13:53:34 NPT" duration-ms="19838" status="PASS">
          <reporter-output>
            <line>
              <![CDATA[Product is visible in the cart]]>
            </line>
          </reporter-output>
        </test-method> <!-- item -->
        <test-method is-config="true" signature="tearDown()[pri:0, instance:tests.ProductTest@7714e963]" started-at="2026-03-10T13:53:34 NPT" name="tearDown" finished-at="2026-03-10T13:53:34 NPT" duration-ms="249" status="PASS">
          <reporter-output>
          </reporter-output>
        </test-method> <!-- tearDown -->
      </class> <!-- tests.ProductTest -->
    </test> <!-- AllTests -->
  </suite> <!-- AllTestsSuite -->
</testng-results>
