<?xml version="1.0" encoding="UTF-8"?>
<!-- Generated by org.testng.reporters.JUnitXMLReporter -->
<testsuite ignored="0" hostname="RAYUSH" failures="1" tests="2" name="AllTests" time="20.645" errors="0" timestamp="2026-03-10T13:11:49 NPT">
  <testcase classname="tests.ProductTest" name="item" time="6.834">
    <failure type="java.lang.NullPointerException" message="Cannot invoke &amp;quot;org.openqa.selenium.support.ui.WebDriverWait.until(java.util.function.Function)&amp;quot; because &amp;quot;this.wait&amp;quot; is null">
      <![CDATA[java.lang.NullPointerException: Cannot invoke "org.openqa.selenium.support.ui.WebDriverWait.until(java.util.function.Function)" because "this.wait" is null
at pages.ProductPage.addProducts(ProductPage.java:62)
at tests.ProductTest.item(ProductTest.java:19)
at java.base/java.util.ArrayList.forEach(ArrayList.java:1597)
... Removed 29 stack frames]]>
    </failure>
  </testcase> <!-- item -->
  <testcase classname="tests.SignUptest" name="signup" time="6.366"/>
</testsuite> <!-- AllTests -->
