<?xml version="1.0" encoding="UTF-8"?>
<!-- Generated by org.testng.reporters.JUnitReportReporter -->
<testsuite hostname="RAYUSH" failures="0" tests="1" name="tests.ProductTest" time="9.635" errors="0" timestamp="2026-03-09T21:02:37 NPT" skipped="0">
  <testcase classname="tests.ProductTest" name="item" time="9.635">
    <system-out>
      <![CDATA[Product is visible in the cart]]>
    </system-out>
  </testcase> <!-- item -->
  <system-out>
    <![CDATA[Product is visible in the cart]]>
  </system-out>
</testsuite> <!-- tests.ProductTest -->
